<?xml version="1.0" encoding="UTF-8"?>
<!-- Generated by org.testng.reporters.JUnitReportReporter -->
<testsuite hostname="DESKTOP-7F44H94" failures="0" tests="3" name="org.testng.B" time="0.007" errors="0" timestamp="2021-05-04T17:53:04 IST" skipped="1">
  <testcase classname="org.testng.B" name="tc3" time="0.001"/>
  <system-out/>
  <testcase classname="org.testng.B" name="tc23" time="0.006"/>
  <system-out/>
  <testcase classname="org.testng.B" name="tc5">
    <skipped/>
  </testcase> <!-- tc5 -->
  <system-out/>
</testsuite> <!-- org.testng.B -->
