<?xml version="1.0" encoding="UTF-8"?>
<!-- Generated by org.testng.reporters.JUnitReportReporter -->
<testsuite hostname="DESKTOP-7F44H94" failures="0" tests="3" name="org.testng.D" time="0.003" errors="0" timestamp="2021-04-22T15:39:41 IST" skipped="0">
  <testcase classname="org.testng.D" name="AZ2" time="0.001"/>
  <system-out/>
  <testcase classname="org.testng.D" name="AZ3" time="0.000"/>
  <system-out/>
  <testcase classname="org.testng.D" name="AZ1" time="0.002"/>
  <system-out/>
</testsuite> <!-- org.testng.D -->
