<?xml version="1.0" encoding="UTF-8"?>
<!-- Generated by org.testng.reporters.JUnitReportReporter -->
<testsuite hostname="DESKTOP-7F44H94" failures="0" tests="2" name="org.testng2.C" time="0.010" errors="0" timestamp="2021-05-05T16:51:06 IST" skipped="0">
  <testcase classname="org.testng2.C" name="tc8" time="0.009"/>
  <system-out/>
  <testcase classname="org.testng2.C" name="tc9" time="0.001"/>
  <system-out/>
</testsuite> <!-- org.testng2.C -->
