<?xml version="1.0" encoding="UTF-8"?>
<!-- Generated by org.testng.reporters.JUnitReportReporter -->
<testsuite hostname="DESKTOP-7F44H94" failures="0" tests="4" name="org.testng.C" time="0.020" errors="0" timestamp="2021-05-04T17:53:04 IST" skipped="0">
  <testcase classname="org.testng.C" name="tc24" time="0.008"/>
  <system-out/>
  <testcase classname="org.testng.C" name="tc25" time="0.007"/>
  <system-out/>
  <testcase classname="org.testng.C" name="tc7" time="0.005"/>
  <system-out/>
  <testcase classname="org.testng.C" name="tc6" time="0.000"/>
  <system-out/>
</testsuite> <!-- org.testng.C -->
