<?xml version="1.0" encoding="UTF-8"?>
<!-- Generated by org.testng.reporters.JUnitReportReporter -->
<testsuite hostname="DESKTOP-7F44H94" failures="0" tests="3" name="org.testng.F" time="0.003" errors="0" timestamp="2021-04-22T15:39:41 IST" skipped="0">
  <testcase classname="org.testng.F" name="AZ9" time="0.001"/>
  <system-out/>
  <testcase classname="org.testng.F" name="AZ7" time="0.001"/>
  <system-out/>
  <testcase classname="org.testng.F" name="AZ8" time="0.001"/>
  <system-out/>
</testsuite> <!-- org.testng.F -->
